<?xml version="1.0" encoding="UTF-8"?>
<!-- Generated by org.testng.reporters.JUnitReportReporter -->
<testsuite hostname="DESKTOP-CQP4JEI" failures="0" tests="2" name="TestCases.TC_01_LoginOtpTest" time="6.363" errors="0" timestamp="2023-08-18T13:18:40 IST" skipped="0">
  <testcase classname="TestCases.TC_01_LoginOtpTest" name="test_LoginFailed" time="6.313"/>
  <testcase classname="TestCases.TC_01_LoginOtpTest" name="test_LoginSuccess" time="0.050"/>
</testsuite> <!-- TestCases.TC_01_LoginOtpTest -->
