<?xml version="1.0" encoding="UTF-8"?>
<!-- Generated by org.testng.reporters.JUnitReportReporter -->
<testsuite hostname="DESKTOP-CQP4JEI" failures="0" tests="2" name="TestCases.TC_04_UploadProfileIconTest" time="35.113" errors="0" timestamp="2023-08-24T16:25:30 IST" skipped="0">
  <testcase classname="TestCases.TC_04_UploadProfileIconTest" name="test_UploadProfileIcon" time="21.641"/>
  <testcase classname="TestCases.TC_04_UploadProfileIconTest" name="test_UploadCoverIcon" time="13.472"/>
</testsuite> <!-- TestCases.TC_04_UploadProfileIconTest -->
