<?xml version="1.0" encoding="UTF-8"?>
<!-- Generated by org.testng.reporters.JUnitReportReporter -->
<testsuite hostname="DESKTOP-CQP4JEI" failures="0" tests="2" name="TestCases.TC_02_LoginTest" time="6.405" errors="0" timestamp="2023-08-17T17:33:25 IST" skipped="0">
  <testcase classname="TestCases.TC_02_LoginTest" name="test_LoginFailed" time="6.339"/>
  <testcase classname="TestCases.TC_02_LoginTest" name="test_LoginSuccess" time="0.066"/>
</testsuite> <!-- TestCases.TC_02_LoginTest -->
