<?xml version="1.0" encoding="UTF-8"?>
<!-- Generated by org.testng.reporters.JUnitReportReporter -->
<testsuite hostname="DESKTOP-CQP4JEI" failures="0" tests="2" name="TestCases.TC_05_RemoveProfileIconTest" time="31.631" errors="0" timestamp="2023-08-24T16:25:30 IST" skipped="0">
  <testcase classname="TestCases.TC_05_RemoveProfileIconTest" name="test_RemoveCoverIcon" time="19.423"/>
  <testcase classname="TestCases.TC_05_RemoveProfileIconTest" name="test_RemoveProfileIcon" time="12.208"/>
</testsuite> <!-- TestCases.TC_05_RemoveProfileIconTest -->
