<?xml version="1.0" encoding="UTF-8"?>
<!-- Generated by org.testng.reporters.JUnitReportReporter -->
<testsuite hostname="DESKTOP-CQP4JEI" failures="0" tests="1" name="TestCases.TC_02_SignupTest" time="8.956" errors="0" timestamp="2023-08-23T17:53:13 IST" skipped="0">
  <testcase classname="TestCases.TC_02_SignupTest" name="test_UserSignup" time="8.956"/>
</testsuite> <!-- TestCases.TC_02_SignupTest -->
